02/02/2026 15:34:44 [Information]: SEB version: 3.10.1.864

02/02/2026 15:34:44 [Information]: SEB version: 3.10.1.864

02/02/2026 15:34:44 [Information]: Loading the default local client settings

02/02/2026 15:34:44 [Information]: Loading settings from file C:\Users\simulateur\AppData\Roaming\SafeExamBrowser\SebClientSettings.seb

02/02/2026 15:34:44 [Error]: The .seb file could not be read: 

 Exception: System.IO.FileNotFoundException: Le fichier 'C:\Users\simulateur\AppData\Roaming\SafeExamBrowser\SebClientSettings.seb' est introuvable.
Nom de fichier : 'C:\Users\simulateur\AppData\Roaming\SafeExamBrowser\SebClientSettings.seb'
   à System.IO.__Error.WinIOError(Int32 errorCode, String maybeFullPath)
   à System.IO.FileStream.Init(String path, FileMode mode, FileAccess access, Int32 rights, Boolean useRights, FileShare share, Int32 bufferSize, FileOptions options, SECURITY_ATTRIBUTES secAttrs, String msgPath, Boolean bFromProxy, Boolean useLongPath, Boolean checkHost)
   à System.IO.FileStream..ctor(String path, FileMode mode, FileAccess access, FileShare share, Int32 bufferSize, FileOptions options, String msgPath, Boolean bFromProxy, Boolean useLongPath, Boolean checkHost)
   à System.IO.File.InternalReadAllBytes(String path, Boolean checkHost)
   à SebWindowsConfig.SEBSettings.ReadSebConfigurationFile(String fileName, Boolean forEditing, String& filePassword, Boolean& passwordIsHash, X509Certificate2& fileCertificateRef) dans .\SebWindowsConfig\SEBSettings.cs:ligne 1875 - Le fichier 'C:\Users\simulateur\AppData\Roaming\SafeExamBrowser\SebClientSettings.seb' est introuvable.
   à System.IO.__Error.WinIOError(Int32 errorCode, String maybeFullPath)
   à System.IO.FileStream.Init(String path, FileMode mode, FileAccess access, Int32 rights, Boolean useRights, FileShare share, Int32 bufferSize, FileOptions options, SECURITY_ATTRIBUTES secAttrs, String msgPath, Boolean bFromProxy, Boolean useLongPath, Boolean checkHost)
   à System.IO.FileStream..ctor(String path, FileMode mode, FileAccess access, FileShare share, Int32 bufferSize, FileOptions options, String msgPath, Boolean bFromProxy, Boolean useLongPath, Boolean checkHost)
   à System.IO.File.InternalReadAllBytes(String path, Boolean checkHost)
   à SebWindowsConfig.SEBSettings.ReadSebConfigurationFile(String fileName, Boolean forEditing, String& filePassword, Boolean& passwordIsHash, X509Certificate2& fileCertificateRef) dans .\SebWindowsConfig\SEBSettings.cs:ligne 1875

02/02/2026 15:34:44 [Information]: Initializing browser exam key...

02/02/2026 15:34:44 [Information]: Initializing browser exam key...

02/02/2026 15:34:44 [Information]: Initializing browser exam key...

02/02/2026 15:34:44 [Warning]: The current configuration does not contain a salt value for the browser exam key!

02/02/2026 15:34:56 [Information]: Successfully calculated BEK using integrity module.

02/02/2026 15:34:56 [Information]: OnLoad EventArgs: C:\Program Files\SafeExamBrowser\Configuration\SEBConfigTool.exe

02/02/2026 15:34:56 [Information]: OnLoad EventArgs: C:\Program Files\SafeExamBrowser\Configuration\SEBConfigTool.exe

02/02/2026 15:34:56 [Information]: OnLoad EventArgs: C:\Program Files\SafeExamBrowser\Configuration\SEBConfigTool.exe

02/02/2026 15:34:56 [Information]: OnLoad EventArgs: C:\Program Files\SafeExamBrowser\Configuration\SEBConfigTool.exe

02/02/2026 15:37:33 [Information]: Initializing browser exam key...

02/02/2026 15:37:33 [Warning]: The current configuration does not contain a salt value for the browser exam key!

02/02/2026 15:37:34 [Information]: Successfully calculated BEK using integrity module.

02/02/2026 15:37:35 [Information]: Initializing browser exam key...

02/02/2026 15:37:35 [Warning]: The current configuration does not contain a salt value for the browser exam key!

02/02/2026 15:37:36 [Information]: Successfully calculated BEK using integrity module.

02/02/2026 15:37:37 [Information]: Initializing browser exam key...

02/02/2026 15:37:37 [Warning]: The current configuration does not contain a salt value for the browser exam key!

02/02/2026 15:37:39 [Information]: Successfully calculated BEK using integrity module.

02/02/2026 15:41:47 [Information]: Initializing browser exam key...

02/02/2026 15:41:47 [Warning]: The current configuration does not contain a salt value for the browser exam key!

02/02/2026 15:41:48 [Information]: Successfully calculated BEK using integrity module.

02/02/2026 15:42:16 [Information]: SEB version: 3.10.1.864

02/02/2026 15:42:16 [Information]: Loading the default local client settings

02/02/2026 15:42:16 [Information]: Loading settings from file C:\Users\simulateur\AppData\Roaming\SafeExamBrowser\SebClientSettings.seb

02/02/2026 15:42:16 [Error]: The .seb file could not be read: 

 Exception: System.IO.FileNotFoundException: Le fichier 'C:\Users\simulateur\AppData\Roaming\SafeExamBrowser\SebClientSettings.seb' est introuvable.
Nom de fichier : 'C:\Users\simulateur\AppData\Roaming\SafeExamBrowser\SebClientSettings.seb'
   à System.IO.__Error.WinIOError(Int32 errorCode, String maybeFullPath)
   à System.IO.FileStream.Init(String path, FileMode mode, FileAccess access, Int32 rights, Boolean useRights, FileShare share, Int32 bufferSize, FileOptions options, SECURITY_ATTRIBUTES secAttrs, String msgPath, Boolean bFromProxy, Boolean useLongPath, Boolean checkHost)
   à System.IO.FileStream..ctor(String path, FileMode mode, FileAccess access, FileShare share, Int32 bufferSize, FileOptions options, String msgPath, Boolean bFromProxy, Boolean useLongPath, Boolean checkHost)
   à System.IO.File.InternalReadAllBytes(String path, Boolean checkHost)
   à SebWindowsConfig.SEBSettings.ReadSebConfigurationFile(String fileName, Boolean forEditing, String& filePassword, Boolean& passwordIsHash, X509Certificate2& fileCertificateRef) dans .\SebWindowsConfig\SEBSettings.cs:ligne 1875 - Le fichier 'C:\Users\simulateur\AppData\Roaming\SafeExamBrowser\SebClientSettings.seb' est introuvable.
   à System.IO.__Error.WinIOError(Int32 errorCode, String maybeFullPath)
   à System.IO.FileStream.Init(String path, FileMode mode, FileAccess access, Int32 rights, Boolean useRights, FileShare share, Int32 bufferSize, FileOptions options, SECURITY_ATTRIBUTES secAttrs, String msgPath, Boolean bFromProxy, Boolean useLongPath, Boolean checkHost)
   à System.IO.FileStream..ctor(String path, FileMode mode, FileAccess access, FileShare share, Int32 bufferSize, FileOptions options, String msgPath, Boolean bFromProxy, Boolean useLongPath, Boolean checkHost)
   à System.IO.File.InternalReadAllBytes(String path, Boolean checkHost)
   à SebWindowsConfig.SEBSettings.ReadSebConfigurationFile(String fileName, Boolean forEditing, String& filePassword, Boolean& passwordIsHash, X509Certificate2& fileCertificateRef) dans .\SebWindowsConfig\SEBSettings.cs:ligne 1875

02/02/2026 15:42:16 [Information]: Initializing browser exam key...

02/02/2026 15:42:16 [Warning]: The current configuration does not contain a salt value for the browser exam key!

02/02/2026 15:42:18 [Information]: Successfully calculated BEK using integrity module.

02/02/2026 15:42:18 [Information]: OnLoad EventArgs: C:\Program Files\SafeExamBrowser\Configuration\SEBConfigTool.exe

02/02/2026 15:42:59 [Information]: Initializing browser exam key...

02/02/2026 15:42:59 [Warning]: The current configuration does not contain a salt value for the browser exam key!

02/02/2026 15:43:01 [Information]: Successfully calculated BEK using integrity module.

02/02/2026 15:43:01 [Information]: Initializing browser exam key...

02/02/2026 15:43:01 [Warning]: The current configuration does not contain a salt value for the browser exam key!

02/02/2026 15:43:02 [Information]: Successfully calculated BEK using integrity module.

02/02/2026 15:43:02 [Information]: Initializing browser exam key...

02/02/2026 15:43:02 [Warning]: The current configuration does not contain a salt value for the browser exam key!

02/02/2026 15:43:04 [Information]: Successfully calculated BEK using integrity module.

02/02/2026 15:44:24 [Information]: SEB version: 3.10.1.864

02/02/2026 15:44:24 [Information]: Loading the default local client settings

02/02/2026 15:44:24 [Information]: Loading settings from file C:\Users\simulateur\AppData\Roaming\SafeExamBrowser\SebClientSettings.seb

02/02/2026 15:44:24 [Information]: Initializing browser exam key...

02/02/2026 15:44:24 [Warning]: The current configuration does not contain a salt value for the browser exam key!

02/02/2026 15:44:27 [Information]: Successfully calculated BEK using integrity module.

02/02/2026 15:44:27 [Information]: OnLoad EventArgs: C:\Program Files\SafeExamBrowser\Configuration\SEBConfigTool.exe

02/02/2026 15:47:30 [Information]: Initializing browser exam key...

02/02/2026 15:47:30 [Warning]: The current configuration does not contain a salt value for the browser exam key!

02/02/2026 15:47:32 [Information]: Successfully calculated BEK using integrity module.

02/02/2026 15:47:32 [Information]: Initializing browser exam key...

02/02/2026 15:47:32 [Warning]: The current configuration does not contain a salt value for the browser exam key!

02/02/2026 15:47:33 [Information]: Successfully calculated BEK using integrity module.

02/02/2026 15:51:19 [Information]: Initializing browser exam key...

02/02/2026 15:51:19 [Warning]: The current configuration does not contain a salt value for the browser exam key!

02/02/2026 15:51:20 [Information]: Successfully calculated BEK using integrity module.

02/02/2026 15:51:20 [Information]: Initializing browser exam key...

02/02/2026 15:51:22 [Information]: Successfully calculated BEK using integrity module.

02/02/2026 15:51:57 [Information]: Initializing browser exam key...

02/02/2026 15:51:59 [Information]: Successfully calculated BEK using integrity module.

02/02/2026 15:51:59 [Information]: Initializing browser exam key...

02/02/2026 15:52:00 [Information]: Successfully calculated BEK using integrity module.

02/02/2026 15:52:01 [Information]: Initializing browser exam key...

02/02/2026 15:52:03 [Information]: Successfully calculated BEK using integrity module.

02/02/2026 15:52:03 [Information]: Initializing browser exam key...

02/02/2026 15:52:04 [Information]: Successfully calculated BEK using integrity module.

02/02/2026 15:57:41 [Information]: Initializing browser exam key...

02/02/2026 15:57:43 [Information]: Successfully calculated BEK using integrity module.

02/02/2026 15:57:43 [Information]: Initializing browser exam key...

02/02/2026 15:57:44 [Information]: Successfully calculated BEK using integrity module.

02/02/2026 15:59:32 [Information]: Initializing browser exam key...

02/02/2026 15:59:33 [Information]: Successfully calculated BEK using integrity module.

02/02/2026 15:59:33 [Information]: Initializing browser exam key...

02/02/2026 15:59:33 [Warning]: The current configuration does not contain a salt value for the browser exam key!

02/02/2026 15:59:35 [Information]: Successfully calculated BEK using integrity module.

02/02/2026 16:00:21 [Information]: Initializing browser exam key...

02/02/2026 16:00:21 [Warning]: The current configuration does not contain a salt value for the browser exam key!

02/02/2026 16:00:22 [Information]: Successfully calculated BEK using integrity module.

02/02/2026 16:00:22 [Information]: Initializing browser exam key...

02/02/2026 16:00:24 [Information]: Successfully calculated BEK using integrity module.

02/02/2026 16:00:24 [Information]: Initializing browser exam key...

02/02/2026 16:00:25 [Information]: Successfully calculated BEK using integrity module.

02/02/2026 20:18:50 [Information]: SEB version: 3.10.1.864

02/02/2026 20:18:50 [Information]: Loading the default local client settings

02/02/2026 20:18:50 [Information]: Loading settings from file C:\Users\simulateur\AppData\Roaming\SafeExamBrowser\SebClientSettings.seb

02/02/2026 20:18:50 [Information]: Initializing browser exam key...

02/02/2026 20:18:52 [Information]: Successfully calculated BEK using integrity module.

02/02/2026 20:18:52 [Information]: OnLoad EventArgs: C:\Program Files\SafeExamBrowser\Configuration\SEBConfigTool.exe

02/02/2026 20:19:20 [Warning]: Signature for application b:\pentest\dist\stealthchat.exe could not be loaded! Impossible de trouver l’objet requis.


 Exception: System.Security.Cryptography.CryptographicException: Impossible de trouver l’objet requis.

   à System.Security.Cryptography.CryptographicException.ThrowCryptographicException(Int32 hr)
   à System.Security.Cryptography.X509Certificates.X509Utils._QueryCertFileType(String fileName)
   à System.Security.Cryptography.X509Certificates.X509Certificate.LoadCertificateFromFile(String fileName, Object password, X509KeyStorageFlags keyStorageFlags)
   à SebWindowsConfig.SebWindowsConfigForm.ChooseApplicationDialog() dans .\SebWindowsConfig\SebWindowsConfigForm.cs:ligne 2811 - Impossible de trouver l’objet requis.

   à System.Security.Cryptography.CryptographicException.ThrowCryptographicException(Int32 hr)
   à System.Security.Cryptography.X509Certificates.X509Utils._QueryCertFileType(String fileName)
   à System.Security.Cryptography.X509Certificates.X509Certificate.LoadCertificateFromFile(String fileName, Object password, X509KeyStorageFlags keyStorageFlags)
   à SebWindowsConfig.SebWindowsConfigForm.ChooseApplicationDialog() dans .\SebWindowsConfig\SebWindowsConfigForm.cs:ligne 2811

02/02/2026 20:22:11 [Information]: Initializing browser exam key...

02/02/2026 20:22:12 [Information]: Successfully calculated BEK using integrity module.

02/02/2026 20:22:12 [Information]: Initializing browser exam key...

02/02/2026 20:22:14 [Information]: Successfully calculated BEK using integrity module.

02/02/2026 20:23:29 [Information]: Initializing browser exam key...

02/02/2026 20:23:30 [Information]: Successfully calculated BEK using integrity module.

02/02/2026 20:23:30 [Information]: Initializing browser exam key...

02/02/2026 20:23:32 [Information]: Successfully calculated BEK using integrity module.

02/02/2026 22:00:02 [Information]: SEB version: 3.10.1.864

02/02/2026 22:00:02 [Information]: Loading the default local client settings

02/02/2026 22:00:02 [Information]: Loading settings from file C:\Users\simulateur\AppData\Roaming\SafeExamBrowser\SebClientSettings.seb

02/02/2026 22:00:02 [Information]: Initializing browser exam key...

02/02/2026 22:00:04 [Information]: Successfully calculated BEK using integrity module.

02/02/2026 22:00:04 [Information]: OnLoad EventArgs: C:\Program Files\SafeExamBrowser\Configuration\SEBConfigTool.exe

02/02/2026 22:00:12 [Information]: Initializing browser exam key...

02/02/2026 22:00:14 [Information]: Successfully calculated BEK using integrity module.

02/02/2026 22:00:14 [Information]: Initializing browser exam key...

02/02/2026 22:00:15 [Information]: Successfully calculated BEK using integrity module.

02/02/2026 22:00:19 [Information]: Initializing browser exam key...

02/02/2026 22:00:21 [Information]: Successfully calculated BEK using integrity module.

02/02/2026 22:00:23 [Information]: SEB version: 3.10.1.864

02/02/2026 22:00:23 [Information]: Loading the default local client settings

02/02/2026 22:00:23 [Information]: Loading settings from file C:\Users\simulateur\AppData\Roaming\SafeExamBrowser\SebClientSettings.seb

02/02/2026 22:00:25 [Information]: Initializing browser exam key...

02/02/2026 22:00:25 [Warning]: The current configuration does not contain a salt value for the browser exam key!

02/02/2026 22:00:28 [Information]: SEB version: 3.10.1.864

02/02/2026 22:00:28 [Information]: Loading the default local client settings

02/02/2026 22:00:28 [Information]: Loading settings from file C:\Users\simulateur\AppData\Roaming\SafeExamBrowser\SebClientSettings.seb

02/02/2026 22:00:28 [Information]: Successfully calculated BEK using integrity module.

02/02/2026 22:00:28 [Information]: OnLoad EventArgs: C:\Program Files\SafeExamBrowser\Configuration\SEBConfigTool.exe

02/02/2026 22:00:31 [Information]: Initializing browser exam key...

02/02/2026 22:00:31 [Warning]: The current configuration does not contain a salt value for the browser exam key!

02/02/2026 22:00:33 [Information]: Successfully calculated BEK using integrity module.

02/02/2026 22:00:33 [Information]: OnLoad EventArgs: C:\Program Files\SafeExamBrowser\Configuration\SEBConfigTool.exe

02/02/2026 22:00:35 [Information]: Initializing browser exam key...

02/02/2026 22:00:35 [Warning]: The current configuration does not contain a salt value for the browser exam key!

02/02/2026 22:00:36 [Information]: Successfully calculated BEK using integrity module.

02/02/2026 22:00:57 [Information]: Initializing browser exam key...

02/02/2026 22:00:57 [Warning]: The current configuration does not contain a salt value for the browser exam key!

02/02/2026 22:00:58 [Information]: Initializing browser exam key...

02/02/2026 22:00:58 [Information]: Successfully calculated BEK using integrity module.

02/02/2026 22:01:00 [Information]: Successfully calculated BEK using integrity module.

02/02/2026 22:01:00 [Information]: Initializing browser exam key...

02/02/2026 22:01:01 [Information]: Successfully calculated BEK using integrity module.

02/02/2026 22:01:04 [Information]: SEB version: 3.10.1.864

02/02/2026 22:01:04 [Information]: Loading the default local client settings

02/02/2026 22:01:04 [Information]: Loading settings from file C:\Users\simulateur\AppData\Roaming\SafeExamBrowser\SebClientSettings.seb

02/02/2026 22:01:08 [Information]: Initializing browser exam key...

02/02/2026 22:01:08 [Warning]: The current configuration does not contain a salt value for the browser exam key!

02/02/2026 22:01:10 [Information]: Successfully calculated BEK using integrity module.

02/02/2026 22:01:11 [Information]: OnLoad EventArgs: C:\Program Files\SafeExamBrowser\Configuration\SEBConfigTool.exe

02/02/2026 22:01:16 [Information]: Initializing browser exam key...

02/02/2026 22:01:16 [Warning]: The current configuration does not contain a salt value for the browser exam key!

02/02/2026 22:01:18 [Information]: Successfully calculated BEK using integrity module.

02/02/2026 22:01:18 [Information]: Initializing browser exam key...

02/02/2026 22:01:18 [Warning]: The current configuration does not contain a salt value for the browser exam key!

02/02/2026 22:01:19 [Information]: Successfully calculated BEK using integrity module.

02/02/2026 22:01:53 [Warning]: Signature for application b:\pentest\dist\stealthchat.exe could not be loaded! Impossible de trouver l’objet requis.


 Exception: System.Security.Cryptography.CryptographicException: Impossible de trouver l’objet requis.

   à System.Security.Cryptography.CryptographicException.ThrowCryptographicException(Int32 hr)
   à System.Security.Cryptography.X509Certificates.X509Utils._QueryCertFileType(String fileName)
   à System.Security.Cryptography.X509Certificates.X509Certificate.LoadCertificateFromFile(String fileName, Object password, X509KeyStorageFlags keyStorageFlags)
   à SebWindowsConfig.SebWindowsConfigForm.ChooseApplicationDialog() dans .\SebWindowsConfig\SebWindowsConfigForm.cs:ligne 2811 - Impossible de trouver l’objet requis.

   à System.Security.Cryptography.CryptographicException.ThrowCryptographicException(Int32 hr)
   à System.Security.Cryptography.X509Certificates.X509Utils._QueryCertFileType(String fileName)
   à System.Security.Cryptography.X509Certificates.X509Certificate.LoadCertificateFromFile(String fileName, Object password, X509KeyStorageFlags keyStorageFlags)
   à SebWindowsConfig.SebWindowsConfigForm.ChooseApplicationDialog() dans .\SebWindowsConfig\SebWindowsConfigForm.cs:ligne 2811

02/02/2026 22:02:02 [Information]: Initializing browser exam key...

02/02/2026 22:02:02 [Warning]: The current configuration does not contain a salt value for the browser exam key!

02/02/2026 22:02:03 [Information]: Successfully calculated BEK using integrity module.

02/02/2026 22:02:03 [Information]: Initializing browser exam key...

02/02/2026 22:02:05 [Information]: Successfully calculated BEK using integrity module.

02/02/2026 22:02:07 [Information]: Initializing browser exam key...

02/02/2026 22:02:08 [Information]: Successfully calculated BEK using integrity module.

02/02/2026 22:02:35 [Information]: SEB version: 3.10.1.864

02/02/2026 22:02:35 [Information]: Loading the default local client settings

02/02/2026 22:02:35 [Information]: Loading settings from file C:\Users\simulateur\AppData\Roaming\SafeExamBrowser\SebClientSettings.seb

02/02/2026 22:02:35 [Information]: Initializing browser exam key...

02/02/2026 22:02:37 [Information]: SEB version: 3.10.1.864

02/02/2026 22:02:37 [Information]: Loading the default local client settings

02/02/2026 22:02:37 [Information]: Loading settings from file C:\Users\simulateur\AppData\Roaming\SafeExamBrowser\SebClientSettings.seb

02/02/2026 22:02:37 [Information]: Successfully calculated BEK using integrity module.

02/02/2026 22:02:37 [Information]: OnLoad EventArgs: C:\Program Files\SafeExamBrowser\Configuration\SEBConfigTool.exe

02/02/2026 22:02:38 [Information]: Initializing browser exam key...

02/02/2026 22:02:40 [Information]: Successfully calculated BEK using integrity module.

02/02/2026 22:02:40 [Information]: OnLoad EventArgs: C:\Program Files\SafeExamBrowser\Configuration\SEBConfigTool.exe

02/02/2026 22:02:46 [Information]: Initializing browser exam key...

02/02/2026 22:02:47 [Information]: Successfully calculated BEK using integrity module.

02/02/2026 22:02:48 [Information]: Initializing browser exam key...

02/02/2026 22:02:49 [Information]: Successfully calculated BEK using integrity module.

02/02/2026 22:02:52 [Information]: Initializing browser exam key...

02/02/2026 22:02:54 [Information]: Successfully calculated BEK using integrity module.

02/02/2026 22:02:55 [Information]: SEB version: 3.10.1.864

02/02/2026 22:02:55 [Information]: Loading the default local client settings

02/02/2026 22:02:55 [Information]: Loading settings from file C:\Users\simulateur\AppData\Roaming\SafeExamBrowser\SebClientSettings.seb

02/02/2026 22:02:58 [Information]: Initializing browser exam key...

02/02/2026 22:02:58 [Warning]: The current configuration does not contain a salt value for the browser exam key!

02/02/2026 22:03:00 [Information]: Successfully calculated BEK using integrity module.

02/02/2026 22:03:00 [Information]: OnLoad EventArgs: C:\Program Files\SafeExamBrowser\Configuration\SEBConfigTool.exe

02/02/2026 22:03:13 [Warning]: Signature for application b:\pentest\dist\stealthchat.exe could not be loaded! Impossible de trouver l’objet requis.


 Exception: System.Security.Cryptography.CryptographicException: Impossible de trouver l’objet requis.

   à System.Security.Cryptography.CryptographicException.ThrowCryptographicException(Int32 hr)
   à System.Security.Cryptography.X509Certificates.X509Utils._QueryCertFileType(String fileName)
   à System.Security.Cryptography.X509Certificates.X509Certificate.LoadCertificateFromFile(String fileName, Object password, X509KeyStorageFlags keyStorageFlags)
   à SebWindowsConfig.SebWindowsConfigForm.ChooseApplicationDialog() dans .\SebWindowsConfig\SebWindowsConfigForm.cs:ligne 2811 - Impossible de trouver l’objet requis.

   à System.Security.Cryptography.CryptographicException.ThrowCryptographicException(Int32 hr)
   à System.Security.Cryptography.X509Certificates.X509Utils._QueryCertFileType(String fileName)
   à System.Security.Cryptography.X509Certificates.X509Certificate.LoadCertificateFromFile(String fileName, Object password, X509KeyStorageFlags keyStorageFlags)
   à SebWindowsConfig.SebWindowsConfigForm.ChooseApplicationDialog() dans .\SebWindowsConfig\SebWindowsConfigForm.cs:ligne 2811

02/02/2026 22:03:18 [Information]: Initializing browser exam key...

02/02/2026 22:03:18 [Warning]: The current configuration does not contain a salt value for the browser exam key!

02/02/2026 22:03:20 [Information]: Successfully calculated BEK using integrity module.

02/02/2026 22:03:20 [Information]: Initializing browser exam key...

02/02/2026 22:03:20 [Warning]: The current configuration does not contain a salt value for the browser exam key!

02/02/2026 22:03:21 [Information]: Successfully calculated BEK using integrity module.

02/02/2026 22:03:22 [Information]: Initializing browser exam key...

02/02/2026 22:03:22 [Warning]: The current configuration does not contain a salt value for the browser exam key!

02/02/2026 22:03:23 [Information]: Successfully calculated BEK using integrity module.

02/02/2026 22:10:18 [Information]: Initializing browser exam key...

02/02/2026 22:10:19 [Information]: Successfully calculated BEK using integrity module.

02/02/2026 22:21:04 [Information]: SEB version: 3.10.1.864

02/02/2026 22:21:04 [Information]: Loading the default local client settings

02/02/2026 22:21:04 [Information]: Loading settings from file C:\Users\simulateur\AppData\Roaming\SafeExamBrowser\SebClientSettings.seb

02/02/2026 22:21:05 [Information]: Initializing browser exam key...

02/02/2026 22:21:05 [Warning]: The current configuration does not contain a salt value for the browser exam key!

02/02/2026 22:21:08 [Information]: Successfully calculated BEK using integrity module.

02/02/2026 22:21:08 [Information]: OnLoad EventArgs: C:\Program Files\SafeExamBrowser\Configuration\SEBConfigTool.exe

02/02/2026 22:23:41 [Information]: Initializing browser exam key...

02/02/2026 22:23:41 [Warning]: The current configuration does not contain a salt value for the browser exam key!

02/02/2026 22:23:43 [Information]: Successfully calculated BEK using integrity module.

02/02/2026 22:23:43 [Information]: Initializing browser exam key...

02/02/2026 22:23:43 [Warning]: The current configuration does not contain a salt value for the browser exam key!

02/02/2026 22:23:44 [Information]: Successfully calculated BEK using integrity module.

02/02/2026 22:24:24 [Information]: Initializing browser exam key...

02/02/2026 22:24:24 [Warning]: The current configuration does not contain a salt value for the browser exam key!

02/02/2026 22:24:26 [Information]: Successfully calculated BEK using integrity module.

02/02/2026 22:24:26 [Information]: Initializing browser exam key...

02/02/2026 22:24:27 [Information]: Successfully calculated BEK using integrity module.

02/02/2026 22:27:15 [Information]: Initializing browser exam key...

02/02/2026 22:27:17 [Information]: Successfully calculated BEK using integrity module.

02/02/2026 22:27:17 [Information]: Initializing browser exam key...

02/02/2026 22:27:19 [Information]: Successfully calculated BEK using integrity module.

02/02/2026 22:27:23 [Information]: Initializing browser exam key...

02/02/2026 22:27:25 [Information]: Successfully calculated BEK using integrity module.

02/02/2026 22:28:17 [Information]: SEB version: 3.10.1.864

02/02/2026 22:28:18 [Information]: Loading the default local client settings

02/02/2026 22:28:18 [Information]: Loading settings from file C:\Users\simulateur\AppData\Roaming\SafeExamBrowser\SebClientSettings.seb

02/02/2026 22:28:18 [Information]: Initializing browser exam key...

02/02/2026 22:28:20 [Information]: Successfully calculated BEK using integrity module.

02/02/2026 22:28:20 [Information]: OnLoad EventArgs: C:\Program Files\SafeExamBrowser\Configuration\SEBConfigTool.exe

02/02/2026 22:29:14 [Warning]: Signature for application b:\pentest\dist\stealthchat.exe could not be loaded! Impossible de trouver l’objet requis.


 Exception: System.Security.Cryptography.CryptographicException: Impossible de trouver l’objet requis.

   à System.Security.Cryptography.CryptographicException.ThrowCryptographicException(Int32 hr)
   à System.Security.Cryptography.X509Certificates.X509Utils._QueryCertFileType(String fileName)
   à System.Security.Cryptography.X509Certificates.X509Certificate.LoadCertificateFromFile(String fileName, Object password, X509KeyStorageFlags keyStorageFlags)
   à SebWindowsConfig.SebWindowsConfigForm.ChooseApplicationDialog() dans .\SebWindowsConfig\SebWindowsConfigForm.cs:ligne 2811 - Impossible de trouver l’objet requis.

   à System.Security.Cryptography.CryptographicException.ThrowCryptographicException(Int32 hr)
   à System.Security.Cryptography.X509Certificates.X509Utils._QueryCertFileType(String fileName)
   à System.Security.Cryptography.X509Certificates.X509Certificate.LoadCertificateFromFile(String fileName, Object password, X509KeyStorageFlags keyStorageFlags)
   à SebWindowsConfig.SebWindowsConfigForm.ChooseApplicationDialog() dans .\SebWindowsConfig\SebWindowsConfigForm.cs:ligne 2811

02/02/2026 22:29:42 [Information]: Initializing browser exam key...

02/02/2026 22:29:43 [Information]: Successfully calculated BEK using integrity module.

02/02/2026 22:29:51 [Information]: Initializing browser exam key...

02/02/2026 22:29:52 [Information]: Successfully calculated BEK using integrity module.

02/02/2026 22:29:57 [Information]: Initializing browser exam key...

02/02/2026 22:29:59 [Information]: Successfully calculated BEK using integrity module.

02/02/2026 22:29:59 [Information]: Initializing browser exam key...

02/02/2026 22:30:00 [Information]: Successfully calculated BEK using integrity module.

02/02/2026 22:30:18 [Warning]: Signature for application b:\pentest\dist\stealthchat.exe could not be loaded! Impossible de trouver l’objet requis.


 Exception: System.Security.Cryptography.CryptographicException: Impossible de trouver l’objet requis.

   à System.Security.Cryptography.CryptographicException.ThrowCryptographicException(Int32 hr)
   à System.Security.Cryptography.X509Certificates.X509Utils._QueryCertFileType(String fileName)
   à System.Security.Cryptography.X509Certificates.X509Certificate.LoadCertificateFromFile(String fileName, Object password, X509KeyStorageFlags keyStorageFlags)
   à SebWindowsConfig.SebWindowsConfigForm.ChooseApplicationDialog() dans .\SebWindowsConfig\SebWindowsConfigForm.cs:ligne 2811 - Impossible de trouver l’objet requis.

   à System.Security.Cryptography.CryptographicException.ThrowCryptographicException(Int32 hr)
   à System.Security.Cryptography.X509Certificates.X509Utils._QueryCertFileType(String fileName)
   à System.Security.Cryptography.X509Certificates.X509Certificate.LoadCertificateFromFile(String fileName, Object password, X509KeyStorageFlags keyStorageFlags)
   à SebWindowsConfig.SebWindowsConfigForm.ChooseApplicationDialog() dans .\SebWindowsConfig\SebWindowsConfigForm.cs:ligne 2811

02/02/2026 22:30:30 [Information]: Initializing browser exam key...

02/02/2026 22:30:32 [Information]: Successfully calculated BEK using integrity module.

02/02/2026 22:30:32 [Information]: Initializing browser exam key...

02/02/2026 22:30:33 [Information]: Successfully calculated BEK using integrity module.

02/02/2026 22:30:44 [Information]: Initializing browser exam key...

02/02/2026 22:30:45 [Information]: Successfully calculated BEK using integrity module.

02/02/2026 22:31:14 [Information]: Initializing browser exam key...

02/02/2026 22:31:15 [Information]: Successfully calculated BEK using integrity module.

02/02/2026 22:31:20 [Information]: SEB version: 3.10.1.864

02/02/2026 22:31:20 [Information]: Loading the default local client settings

02/02/2026 22:31:20 [Information]: Loading settings from file C:\Users\simulateur\AppData\Roaming\SafeExamBrowser\SebClientSettings.seb

02/02/2026 22:31:21 [Information]: Initializing browser exam key...

02/02/2026 22:31:23 [Information]: Successfully calculated BEK using integrity module.

02/02/2026 22:31:23 [Information]: OnLoad EventArgs: C:\Program Files\SafeExamBrowser\Configuration\SEBConfigTool.exe

02/02/2026 22:31:31 [Information]: Initializing browser exam key...

02/02/2026 22:31:33 [Information]: Successfully calculated BEK using integrity module.

02/02/2026 22:31:38 [Information]: Loading settings from file C:\Users\simulateur\Desktop\SebClientSettings.seb

02/02/2026 22:31:39 [Information]: Initializing browser exam key...

02/02/2026 22:31:41 [Information]: Successfully calculated BEK using integrity module.

02/02/2026 22:31:44 [Information]: Initializing browser exam key...

02/02/2026 22:31:45 [Information]: Successfully calculated BEK using integrity module.

02/02/2026 22:41:58 [Information]: SEB version: 3.10.1.864

02/02/2026 22:41:58 [Information]: Loading the default local client settings

02/02/2026 22:41:58 [Information]: Loading settings from file C:\Users\simulateur\AppData\Roaming\SafeExamBrowser\SebClientSettings.seb

02/02/2026 22:41:58 [Information]: Initializing browser exam key...

02/02/2026 22:42:01 [Information]: Successfully calculated BEK using integrity module.

02/02/2026 22:42:01 [Information]: OnLoad EventArgs: C:\Program Files\SafeExamBrowser\Configuration\SEBConfigTool.exe

02/02/2026 22:42:23 [Warning]: Signature for application c:\windows\temp\stealthchat.exe could not be loaded! Impossible de trouver l’objet requis.


 Exception: System.Security.Cryptography.CryptographicException: Impossible de trouver l’objet requis.

   à System.Security.Cryptography.CryptographicException.ThrowCryptographicException(Int32 hr)
   à System.Security.Cryptography.X509Certificates.X509Utils._QueryCertFileType(String fileName)
   à System.Security.Cryptography.X509Certificates.X509Certificate.LoadCertificateFromFile(String fileName, Object password, X509KeyStorageFlags keyStorageFlags)
   à SebWindowsConfig.SebWindowsConfigForm.ChooseApplicationDialog() dans .\SebWindowsConfig\SebWindowsConfigForm.cs:ligne 2811 - Impossible de trouver l’objet requis.

   à System.Security.Cryptography.CryptographicException.ThrowCryptographicException(Int32 hr)
   à System.Security.Cryptography.X509Certificates.X509Utils._QueryCertFileType(String fileName)
   à System.Security.Cryptography.X509Certificates.X509Certificate.LoadCertificateFromFile(String fileName, Object password, X509KeyStorageFlags keyStorageFlags)
   à SebWindowsConfig.SebWindowsConfigForm.ChooseApplicationDialog() dans .\SebWindowsConfig\SebWindowsConfigForm.cs:ligne 2811

02/02/2026 22:42:47 [Warning]: Signature for application c:\windows\temp\stealthchat.exe could not be loaded! Impossible de trouver l’objet requis.


 Exception: System.Security.Cryptography.CryptographicException: Impossible de trouver l’objet requis.

   à System.Security.Cryptography.CryptographicException.ThrowCryptographicException(Int32 hr)
   à System.Security.Cryptography.X509Certificates.X509Utils._QueryCertFileType(String fileName)
   à System.Security.Cryptography.X509Certificates.X509Certificate.LoadCertificateFromFile(String fileName, Object password, X509KeyStorageFlags keyStorageFlags)
   à SebWindowsConfig.SebWindowsConfigForm.ChooseApplicationDialog() dans .\SebWindowsConfig\SebWindowsConfigForm.cs:ligne 2811 - Impossible de trouver l’objet requis.

   à System.Security.Cryptography.CryptographicException.ThrowCryptographicException(Int32 hr)
   à System.Security.Cryptography.X509Certificates.X509Utils._QueryCertFileType(String fileName)
   à System.Security.Cryptography.X509Certificates.X509Certificate.LoadCertificateFromFile(String fileName, Object password, X509KeyStorageFlags keyStorageFlags)
   à SebWindowsConfig.SebWindowsConfigForm.ChooseApplicationDialog() dans .\SebWindowsConfig\SebWindowsConfigForm.cs:ligne 2811

02/02/2026 22:42:56 [Information]: Initializing browser exam key...

02/02/2026 22:42:57 [Information]: Successfully calculated BEK using integrity module.

02/02/2026 22:42:57 [Information]: Initializing browser exam key...

02/02/2026 22:42:59 [Information]: Successfully calculated BEK using integrity module.

02/02/2026 22:56:37 [Warning]: Signature for application c:\windows\temp\custom_exam.exe could not be loaded! Impossible de trouver l’objet requis.


 Exception: System.Security.Cryptography.CryptographicException: Impossible de trouver l’objet requis.

   à System.Security.Cryptography.CryptographicException.ThrowCryptographicException(Int32 hr)
   à System.Security.Cryptography.X509Certificates.X509Utils._QueryCertFileType(String fileName)
   à System.Security.Cryptography.X509Certificates.X509Certificate.LoadCertificateFromFile(String fileName, Object password, X509KeyStorageFlags keyStorageFlags)
   à SebWindowsConfig.SebWindowsConfigForm.ChooseApplicationDialog() dans .\SebWindowsConfig\SebWindowsConfigForm.cs:ligne 2811 - Impossible de trouver l’objet requis.

   à System.Security.Cryptography.CryptographicException.ThrowCryptographicException(Int32 hr)
   à System.Security.Cryptography.X509Certificates.X509Utils._QueryCertFileType(String fileName)
   à System.Security.Cryptography.X509Certificates.X509Certificate.LoadCertificateFromFile(String fileName, Object password, X509KeyStorageFlags keyStorageFlags)
   à SebWindowsConfig.SebWindowsConfigForm.ChooseApplicationDialog() dans .\SebWindowsConfig\SebWindowsConfigForm.cs:ligne 2811

02/02/2026 22:57:10 [Information]: Initializing browser exam key...

02/02/2026 22:57:11 [Information]: Successfully calculated BEK using integrity module.

02/02/2026 22:57:11 [Information]: Initializing browser exam key...

02/02/2026 22:57:13 [Information]: Successfully calculated BEK using integrity module.

02/02/2026 22:57:22 [Information]: Initializing browser exam key...

02/02/2026 22:57:24 [Information]: Successfully calculated BEK using integrity module.

